<?xml version="1.0" encoding="UTF-8"?>
<!-- Generated by org.testng.reporters.JUnitReportReporter -->
<testsuite skipped="0" hostname="noishuhp3090" name="com.takescreenshot.test.TakeScrnshot" tests="1" failures="0" timestamp="05 Apr 2019 10:48:26 GMT" time="80.998" errors="0">
  <testcase name="takePicture" time="80.998" classname="com.takescreenshot.test.TakeScrnshot"/>
</testsuite> <!-- com.takescreenshot.test.TakeScrnshot -->
